0 info it worked if it ends with ok
1 verbose cli [ 'C:\\Program Files\\nodejs\\node.exe',
1 verbose cli   'C:\\Program Files\\nodejs\\node_modules\\npm\\bin\\npm-cli.js',
1 verbose cli   'run',
1 verbose cli   'build:sass:watch' ]
2 info using npm@3.10.10
3 info using node@v6.10.2
4 verbose run-script [ 'prebuild:sass:watch',
4 verbose run-script   'build:sass:watch',
4 verbose run-script   'postbuild:sass:watch' ]
5 info lifecycle final-project@1.0.0~prebuild:sass:watch: final-project@1.0.0
6 silly lifecycle final-project@1.0.0~prebuild:sass:watch: no script for prebuild:sass:watch, continuing
7 info lifecycle final-project@1.0.0~build:sass:watch: final-project@1.0.0
8 verbose lifecycle final-project@1.0.0~build:sass:watch: unsafe-perm in lifecycle true
9 verbose lifecycle final-project@1.0.0~build:sass:watch: PATH: C:\Program Files\nodejs\node_modules\npm\bin\node-gyp-bin;C:\Users\James\Desktop\padel-go\node_modules\.bin;C:\Users\James\Documents\CMDER\bin;C:\Users\James\Documents\CMDER\vendor\git-for-windows\cmd;C:\Users\James\Documents\CMDER\vendor\conemu-maximus5\ConEmu\Scripts;C:\Users\James\Documents\CMDER\vendor\conemu-maximus5;C:\Users\James\Documents\CMDER\vendor\conemu-maximus5\ConEmu;C:\Program Files (x86)\Intel\iCLS Client\;C:\Program Files\Intel\iCLS Client\;C:\WINDOWS\system32;C:\WINDOWS;C:\WINDOWS\System32\Wbem;C:\WINDOWS\System32\WindowsPowerShell\v1.0\;C:\Program Files (x86)\Intel\Intel(R) Management Engine Components\DAL;C:\Program Files\Intel\Intel(R) Management Engine Components\DAL;C:\Program Files (x86)\Intel\Intel(R) Management Engine Components\IPT;C:\Program Files\Intel\Intel(R) Management Engine Components\IPT;C:\Program Files\nodejs\;C:\Program Files\MongoDB\Server\3.4\bin;C:\Users\James\AppData\Roaming\npm;C:\Users\James\AppData\Local\Microsoft\WindowsApps;C:\Program Files\Heroku\bin;;C:\Users\James\Documents\CMDER\vendor\git-for-windows\usr\bin;C:\Users\James\Documents\CMDER\vendor\git-for-windows\usr\share\vim\vim74;C:\Users\James\Documents\CMDER\
10 verbose lifecycle final-project@1.0.0~build:sass:watch: CWD: C:\Users\James\Desktop\padel-go
11 silly lifecycle final-project@1.0.0~build:sass:watch: Args: [ '/d /s /c',
11 silly lifecycle   'node-sass src/scss/styles.scss client/styles/css/styles.css --watch' ]
12 silly lifecycle final-project@1.0.0~build:sass:watch: Returned: code: 3221225477  signal: null
13 info lifecycle final-project@1.0.0~build:sass:watch: Failed to exec build:sass:watch script
14 verbose stack Error: final-project@1.0.0 build:sass:watch: `node-sass src/scss/styles.scss client/styles/css/styles.css --watch`
14 verbose stack Exit status 3221225477
14 verbose stack     at EventEmitter.<anonymous> (C:\Program Files\nodejs\node_modules\npm\lib\utils\lifecycle.js:255:16)
14 verbose stack     at emitTwo (events.js:106:13)
14 verbose stack     at EventEmitter.emit (events.js:191:7)
14 verbose stack     at ChildProcess.<anonymous> (C:\Program Files\nodejs\node_modules\npm\lib\utils\spawn.js:40:14)
14 verbose stack     at emitTwo (events.js:106:13)
14 verbose stack     at ChildProcess.emit (events.js:191:7)
14 verbose stack     at maybeClose (internal/child_process.js:886:16)
14 verbose stack     at Process.ChildProcess._handle.onexit (internal/child_process.js:226:5)
15 verbose pkgid final-project@1.0.0
16 verbose cwd C:\Users\James\Desktop\padel-go
17 error Windows_NT 10.0.15063
18 error argv "C:\\Program Files\\nodejs\\node.exe" "C:\\Program Files\\nodejs\\node_modules\\npm\\bin\\npm-cli.js" "run" "build:sass:watch"
19 error node v6.10.2
20 error npm  v3.10.10
21 error code ELIFECYCLE
22 error final-project@1.0.0 build:sass:watch: `node-sass src/scss/styles.scss client/styles/css/styles.css --watch`
22 error Exit status 3221225477
23 error Failed at the final-project@1.0.0 build:sass:watch script 'node-sass src/scss/styles.scss client/styles/css/styles.css --watch'.
23 error Make sure you have the latest version of node.js and npm installed.
23 error If you do, this is most likely a problem with the final-project package,
23 error not with npm itself.
23 error Tell the author that this fails on your system:
23 error     node-sass src/scss/styles.scss client/styles/css/styles.css --watch
23 error You can get information on how to open an issue for this project with:
23 error     npm bugs final-project
23 error Or if that isn't available, you can get their info via:
23 error     npm owner ls final-project
23 error There is likely additional logging output above.
24 verbose exit [ 1, true ]
